GC Precious Log:
 CardTable entry size: 512
 Card Set container configuration: InlinePtr #cards 4 size 8 Array Of Cards #cards 32 size 80 Howl #buckets 8 coarsen threshold 7372 Howl Bitmap #cards 1024 size 144 coarsen threshold 921 Card regions per heap region 1 cards per card region 8192
 CPUs: 4 total, 4 available
 Memory: 8097M
 Large Page Support: Disabled
 NUMA Support: Disabled
 Compressed Oops: Enabled (Zero based)
 Heap Region Size: 4M
 Heap Min Capacity: 8M
 Heap Initial Capacity: 128M
 Heap Max Capacity: 8G
 Pre-touch: Disabled
 Parallel Workers: 4
 Concurrent Workers: 1
 Concurrent Refinement Workers: 4
 Periodic GC: Disabled
Heap:
 garbage-first heap   total 319488K, used 160949K [0x0000000600000000, 0x0000000800000000)
  region size 4096K, 4 young (16384K), 3 survivors (12288K)
 Metaspace       used 133852K, committed 136064K, reserved 1179648K
  class space    used 18668K, committed 19712K, reserved 1048576K
GC Heap History (20 events):
Event: 69.362 GC heap before
{Heap before GC invocations=49 (full 0):
 garbage-first heap   total 184320K, used 143998K [0x0000000600000000, 0x0000000800000000)
  region size 4096K, 12 young (49152K), 2 survivors (8192K)
 Metaspace       used 109673K, committed 111680K, reserved 1179648K
  class space    used 15511K, committed 16512K, reserved 1048576K
}
Event: 69.373 GC heap after
{Heap after GC invocations=50 (full 0):
 garbage-first heap   total 184320K, used 108420K [0x0000000600000000, 0x0000000800000000)
  region size 4096K, 1 young (4096K), 1 survivors (4096K)
 Metaspace       used 109673K, committed 111680K, reserved 1179648K
  class space    used 15511K, committed 16512K, reserved 1048576K
}
Event: 72.043 GC heap before
{Heap before GC invocations=50 (full 0):
 garbage-first heap   total 184320K, used 161668K [0x0000000600000000, 0x0000000800000000)
  region size 4096K, 15 young (61440K), 1 survivors (4096K)
 Metaspace       used 113952K, committed 115968K, reserved 1179648K
  class space    used 16174K, committed 17152K, reserved 1048576K
}
Event: 72.068 GC heap after
{Heap after GC invocations=51 (full 0):
 garbage-first heap   total 221184K, used 110263K [0x0000000600000000, 0x0000000800000000)
  region size 4096K, 2 young (8192K), 2 survivors (8192K)
 Metaspace       used 113952K, committed 115968K, reserved 1179648K
  class space    used 16174K, committed 17152K, reserved 1048576K
}
Event: 76.021 GC heap before
{Heap before GC invocations=51 (full 0):
 garbage-first heap   total 221184K, used 188087K [0x0000000600000000, 0x0000000800000000)
  region size 4096K, 22 young (90112K), 2 survivors (8192K)
 Metaspace       used 118974K, committed 121088K, reserved 1179648K
  class space    used 16774K, committed 17792K, reserved 1048576K
}
Event: 76.045 GC heap after
{Heap after GC invocations=52 (full 0):
 garbage-first heap   total 221184K, used 116350K [0x0000000600000000, 0x0000000800000000)
  region size 4096K, 3 young (12288K), 3 survivors (12288K)
 Metaspace       used 118974K, committed 121088K, reserved 1179648K
  class space    used 16774K, committed 17792K, reserved 1048576K
}
Event: 77.046 GC heap before
{Heap before GC invocations=52 (full 0):
 garbage-first heap   total 221184K, used 185982K [0x0000000600000000, 0x0000000800000000)
  region size 4096K, 21 young (86016K), 3 survivors (12288K)
 Metaspace       used 118990K, committed 121088K, reserved 1179648K
  class space    used 16775K, committed 17792K, reserved 1048576K
}
Event: 77.082 GC heap after
{Heap after GC invocations=53 (full 0):
 garbage-first heap   total 221184K, used 120459K [0x0000000600000000, 0x0000000800000000)
  region size 4096K, 3 young (12288K), 3 survivors (12288K)
 Metaspace       used 118990K, committed 121088K, reserved 1179648K
  class space    used 16775K, committed 17792K, reserved 1048576K
}
Event: 79.000 GC heap before
{Heap before GC invocations=53 (full 0):
 garbage-first heap   total 221184K, used 190091K [0x0000000600000000, 0x0000000800000000)
  region size 4096K, 20 young (81920K), 3 survivors (12288K)
 Metaspace       used 121903K, committed 124096K, reserved 1179648K
  class space    used 17194K, committed 18240K, reserved 1048576K
}
Event: 79.033 GC heap after
{Heap after GC invocations=54 (full 0):
 garbage-first heap   total 221184K, used 128800K [0x0000000600000000, 0x0000000800000000)
  region size 4096K, 3 young (12288K), 3 survivors (12288K)
 Metaspace       used 121903K, committed 124096K, reserved 1179648K
  class space    used 17194K, committed 18240K, reserved 1048576K
}
Event: 80.484 GC heap before
{Heap before GC invocations=55 (full 0):
 garbage-first heap   total 221184K, used 186144K [0x0000000600000000, 0x0000000800000000)
  region size 4096K, 18 young (73728K), 3 survivors (12288K)
 Metaspace       used 122005K, committed 124160K, reserved 1179648K
  class space    used 17196K, committed 18240K, reserved 1048576K
}
Event: 80.515 GC heap after
{Heap after GC invocations=56 (full 0):
 garbage-first heap   total 221184K, used 136202K [0x0000000600000000, 0x0000000800000000)
  region size 4096K, 2 young (8192K), 2 survivors (8192K)
 Metaspace       used 122005K, committed 124160K, reserved 1179648K
  class space    used 17196K, committed 18240K, reserved 1048576K
}
Event: 82.506 GC heap before
{Heap before GC invocations=56 (full 0):
 garbage-first heap   total 221184K, used 189450K [0x0000000600000000, 0x0000000800000000)
  region size 4096K, 16 young (65536K), 2 survivors (8192K)
 Metaspace       used 122296K, committed 124480K, reserved 1179648K
  class space    used 17247K, committed 18304K, reserved 1048576K
}
Event: 82.544 GC heap after
{Heap after GC invocations=57 (full 0):
 garbage-first heap   total 221184K, used 144492K [0x0000000600000000, 0x0000000800000000)
  region size 4096K, 2 young (8192K), 2 survivors (8192K)
 Metaspace       used 122296K, committed 124480K, reserved 1179648K
  class space    used 17247K, committed 18304K, reserved 1048576K
}
Event: 84.698 GC heap before
{Heap before GC invocations=57 (full 0):
 garbage-first heap   total 221184K, used 193644K [0x0000000600000000, 0x0000000800000000)
  region size 4096K, 14 young (57344K), 2 survivors (8192K)
 Metaspace       used 124952K, committed 127168K, reserved 1179648K
  class space    used 17699K, committed 18816K, reserved 1048576K
}
Event: 84.719 GC heap after
{Heap after GC invocations=58 (full 0):
 garbage-first heap   total 221184K, used 150482K [0x0000000600000000, 0x0000000800000000)
  region size 4096K, 2 young (8192K), 2 survivors (8192K)
 Metaspace       used 124952K, committed 127168K, reserved 1179648K
  class space    used 17699K, committed 18816K, reserved 1048576K
}
Event: 87.195 GC heap before
{Heap before GC invocations=59 (full 0):
 garbage-first heap   total 262144K, used 191442K [0x0000000600000000, 0x0000000800000000)
  region size 4096K, 12 young (49152K), 2 survivors (8192K)
 Metaspace       used 128707K, committed 130944K, reserved 1179648K
  class space    used 18168K, committed 19264K, reserved 1048576K
}
Event: 87.219 GC heap after
{Heap after GC invocations=60 (full 0):
 garbage-first heap   total 262144K, used 153211K [0x0000000600000000, 0x0000000800000000)
  region size 4096K, 2 young (8192K), 2 survivors (8192K)
 Metaspace       used 128707K, committed 130944K, reserved 1179648K
  class space    used 18168K, committed 19264K, reserved 1048576K
}
Event: 90.480 GC heap before
{Heap before GC invocations=60 (full 0):
 garbage-first heap   total 262144K, used 226939K [0x0000000600000000, 0x0000000800000000)
  region size 4096K, 21 young (86016K), 2 survivors (8192K)
 Metaspace       used 133501K, committed 135680K, reserved 1179648K
  class space    used 18603K, committed 19648K, reserved 1048576K
}
Event: 90.537 GC heap after
{Heap after GC invocations=61 (full 0):
 garbage-first heap   total 319488K, used 160949K [0x0000000600000000, 0x0000000800000000)
  region size 4096K, 3 young (12288K), 3 survivors (12288K)
 Metaspace       used 133501K, committed 135680K, reserved 1179648K
  class space    used 18603K, committed 19648K, reserved 1048576K
}

